# JRE version: Java(TM) SE Runtime Environment (8.0_251-b08) (build 1.8.0_251-b08)
# Java VM: Java HotSpot(TM) 64-Bit Server VM (25.251-b08 mixed mode bsd-amd64 compressed oops)
Heap:
 PSYoungGen      total 38400K, used 12344K [0x00000007b5580000, 0x00000007b8000000, 0x00000007c0000000)
  eden space 33280K, 21% used [0x00000007b5580000,0x00000007b5c957e8,0x00000007b7600000)
  from space 5120K, 99% used [0x00000007b7600000,0x00000007b7af8b70,0x00000007b7b00000)
  to   space 5120K, 0% used [0x00000007b7b00000,0x00000007b7b00000,0x00000007b8000000)
 ParOldGen       total 87552K, used 34931K [0x00000007a0000000, 0x00000007a5580000, 0x00000007b5580000)
  object space 87552K, 39% used [0x00000007a0000000,0x00000007a221cfb0,0x00000007a5580000)
 Metaspace       used 11425K, capacity 11604K, committed 11648K, reserved 1058816K
  class space    used 1367K, capacity 1408K, committed 1408K, reserved 1048576K
GC Heap History (6 events):
Event: 31.986 GC heap before
{Heap before GC invocations=1 (full 0):
 PSYoungGen      total 38400K, used 33280K [0x00000007b5580000, 0x00000007b8000000, 0x00000007c0000000)
  eden space 33280K, 100% used [0x00000007b5580000,0x00000007b7600000,0x00000007b7600000)
  from space 5120K, 0% used [0x00000007b7b00000,0x00000007b7b00000,0x00000007b8000000)
  to   space 5120K, 0% used [0x00000007b7600000,0x00000007b7600000,0x00000007b7b00000)
 ParOldGen       total 87552K, used 0K [0x00000007a0000000, 0x00000007a5580000, 0x00000007b5580000)
  object space 87552K, 0% used [0x00000007a0000000,0x00000007a0000000,0x00000007a5580000)
 Metaspace       used 10416K, capacity 10552K, committed 10880K, reserved 1058816K
  class space    used 1276K, capacity 1302K, committed 1408K, reserved 1048576K
Event: 31.995 GC heap after
Heap after GC invocations=1 (full 0):
 PSYoungGen      total 38400K, used 5107K [0x00000007b5580000, 0x00000007b8000000, 0x00000007c0000000)
  eden space 33280K, 0% used [0x00000007b5580000,0x00000007b5580000,0x00000007b7600000)
  from space 5120K, 99% used [0x00000007b7600000,0x00000007b7afcd20,0x00000007b7b00000)
  to   space 5120K, 0% used [0x00000007b7b00000,0x00000007b7b00000,0x00000007b8000000)
 ParOldGen       total 87552K, used 4895K [0x00000007a0000000, 0x00000007a5580000, 0x00000007b5580000)
  object space 87552K, 5% used [0x00000007a0000000,0x00000007a04c7d10,0x00000007a5580000)
 Metaspace       used 10416K, capacity 10552K, committed 10880K, reserved 1058816K
  class space    used 1276K, capacity 1302K, committed 1408K, reserved 1048576K
}
Event: 49.915 GC heap before
{Heap before GC invocations=2 (full 0):
 PSYoungGen      total 38400K, used 38387K [0x00000007b5580000, 0x00000007b8000000, 0x00000007c0000000)
  eden space 33280K, 100% used [0x00000007b5580000,0x00000007b7600000,0x00000007b7600000)
  from space 5120K, 99% used [0x00000007b7600000,0x00000007b7afcd20,0x00000007b7b00000)
  to   space 5120K, 0% used [0x00000007b7b00000,0x00000007b7b00000,0x00000007b8000000)
 ParOldGen       total 87552K, used 4895K [0x00000007a0000000, 0x00000007a5580000, 0x00000007b5580000)
  object space 87552K, 5% used [0x00000007a0000000,0x00000007a04c7d10,0x00000007a5580000)
 Metaspace       used 11356K, capacity 11516K, committed 11648K, reserved 1058816K
  class space    used 1364K, capacity 1404K, committed 1408K, reserved 1048576K
Event: 49.934 GC heap after
Heap after GC invocations=2 (full 0):
 PSYoungGen      total 38400K, used 5095K [0x00000007b5580000, 0x00000007b8000000, 0x00000007c0000000)
  eden space 33280K, 0% used [0x00000007b5580000,0x00000007b5580000,0x00000007b7600000)
  from space 5120K, 99% used [0x00000007b7b00000,0x00000007b7ff9cc0,0x00000007b8000000)
  to   space 5120K, 0% used [0x00000007b7600000,0x00000007b7600000,0x00000007b7b00000)
 ParOldGen       total 87552K, used 20359K [0x00000007a0000000, 0x00000007a5580000, 0x00000007b5580000)
  object space 87552K, 23% used [0x00000007a0000000,0x00000007a13e1fe8,0x00000007a5580000)
 Metaspace       used 11356K, capacity 11516K, committed 11648K, reserved 1058816K
  class space    used 1364K, capacity 1404K, committed 1408K, reserved 1048576K
}
Event: 570.624 GC heap before
{Heap before GC invocations=3 (full 0):
 PSYoungGen      total 38400K, used 38375K [0x00000007b5580000, 0x00000007b8000000, 0x00000007c0000000)
  eden space 33280K, 100% used [0x00000007b5580000,0x00000007b7600000,0x00000007b7600000)
  from space 5120K, 99% used [0x00000007b7b00000,0x00000007b7ff9cc0,0x00000007b8000000)
  to   space 5120K, 0% used [0x00000007b7600000,0x00000007b7600000,0x00000007b7b00000)
 ParOldGen       total 87552K, used 20359K [0x00000007a0000000, 0x00000007a5580000, 0x00000007b5580000)
  object space 87552K, 23% used [0x00000007a0000000,0x00000007a13e1fe8,0x00000007a5580000)
 Metaspace       used 11417K, capacity 11604K, committed 11648K, reserved 1058816K
  class space    used 1367K, capacity 1408K, committed 1408K, reserved 1048576K
Event: 570.654 GC heap after
Heap after GC invocations=3 (full 0):
 PSYoungGen      total 38400K, used 5090K [0x00000007b5580000, 0x00000007b8000000, 0x00000007c0000000)
  eden space 33280K, 0% used [0x00000007b5580000,0x00000007b5580000,0x00000007b7600000)
  from space 5120K, 99% used [0x00000007b7600000,0x00000007b7af8b70,0x00000007b7b00000)
  to   space 5120K, 0% used [0x00000007b7b00000,0x00000007b7b00000,0x00000007b8000000)
 ParOldGen       total 87552K, used 34931K [0x00000007a0000000, 0x00000007a5580000, 0x00000007b5580000)
  object space 87552K, 39% used [0x00000007a0000000,0x00000007a221cfb0,0x00000007a5580000)
 Metaspace       used 11417K, capacity 11604K, committed 11648K, reserved 1058816K
  class space    used 1367K, capacity 1408K, committed 1408K, reserved 1048576K
}

